C51 COMPILER V9.54   TIMER0                                                                10/23/2025 21:57:59 PAGE 1   


C51 COMPILER V9.54, COMPILATION OF MODULE TIMER0
OBJECT MODULE PLACED IN .\Objects\timer0.obj
COMPILER INVOKED BY: D:\keil_v5\C51\BIN\C51.EXE ..\Driver\timer0\timer0.c OPTIMIZE(8,SPEED) BROWSE INCDIR(..\Common;..\C
                    -ore;..\Driver\keyInput;..\Driver\nixie;..\Driver\timer0;..\Driver\xpt2046) DEBUG OBJECTEXTEND PRINT(.\Listings\timer0.ls
                    -t) OBJECT(.\Objects\timer0.obj)

line level    source

   1          #include <regx52.h>
   2          
   3          // 基于11.0592MHz的晶振的定时器0，每1ms中断一次
   4          void timer0Init(void) {
   5   1              TMOD &= 0xF0;  // 清零T0的控制位，不影响T1的配置
   6   1              TMOD |= 0x01;   // 设置T0为模式1 (16位定时器)
   7   1              
   8   1              TH0 = (65536 - 92) / 256;
   9   1          TL0 = (65536 - 92) % 256;
  10   1              
  11   1              EA = 1;  // 开启总中断
  12   1              ET0 = 1; // 开启定时器0中断
  13   1              TR0 = 1; // 启动定时器0
  14   1      }
  15          


MODULE INFORMATION:   STATIC OVERLAYABLE
   CODE SIZE        =     19    ----
   CONSTANT SIZE    =   ----    ----
   XDATA SIZE       =   ----    ----
   PDATA SIZE       =   ----    ----
   DATA SIZE        =   ----    ----
   IDATA SIZE       =   ----    ----
   BIT SIZE         =   ----    ----
END OF MODULE INFORMATION.


C51 COMPILATION COMPLETE.  0 WARNING(S),  0 ERROR(S)
