C51 COMPILER V9.54   XPT2046                                                               10/24/2025 19:25:03 PAGE 1   


C51 COMPILER V9.54, COMPILATION OF MODULE XPT2046
OBJECT MODULE PLACED IN .\Objects\xpt2046.obj
COMPILER INVOKED BY: D:\keil_v5\C51\BIN\C51.EXE ..\Driver\xpt2046\xpt2046.c OPTIMIZE(8,SPEED) BROWSE INCDIR(..\Common;..
                    -\Core;..\Driver\nixie;..\Driver\xpt2046;..\Driver\key;..\Driver\timer;..\Driver\lightControl) DEBUG OBJECTEXTEND PRINT(.
                    -\Listings\xpt2046.lst) OBJECT(.\Objects\xpt2046.obj)

line level    source

   1          /**
   2           * @file    xpt2046.c
   3           * @brief   XPT2046è§¦æ‘¸èŠ¯ç‰‡é©±åŠ¨å®ç°æ–‡ä»¶
   4           * @details å®ç°SPIé€šä¿¡åè®®ï¼Œè¯»å–12ä½ADCæ•°æ®
   5           * @author  æ™ºèƒ½å°ç¯é¡¹ç›®ç»„
   6           * @version 1.0
   7           * @date    2025-10-24
   8           */
   9          #include "xpt2046.h"
  10          #include "intrins.h"
  11          
  12          /**
  13           * @brief XPT2046å†™æ•°æ®å‡½æ•°
  14           * @param dat è¦å†™å…¥çš„8ä½æ•°æ®
  15           * @details é€šè¿‡æ¨¡æ‹ŸSPIåè®®å‘XPT2046å‘é€å‘½ä»¤å­—
  16           */
  17          void xpt2046_wirte_data(unsigned char dat) {
  18   1              unsigned char i;
  19   1      
  20   1              CLK = 0;
  21   1              _nop_();
  22   1              for(i=0;i<8;i++) {      // å¾ªç¯8æ¬¡ï¼Œæ¯æ¬¡ä¼ è¾“ä¸€ä½ï¼Œå…±ä¸€ä¸ªå­—èŠ‚
  23   2                      DIN = dat >> 7; // å…ˆä¼ é«˜ä½å†ä¼ ä½ä½
  24   2                      dat <<= 1;      // å°†ä½ä½ç§»åˆ°é«˜ä½
  25   2                      CLK = 0;        // CLKç”±ä½åˆ°é«˜äº§ç”Ÿä¸€ä¸ªä¸Šå‡æ²¿ï¼Œä»è€Œå†™å…¥æ•°æ®
  26   2                      _nop_();        
  27   2                      CLK = 1;
  28   2                      _nop_();
  29   2              }
  30   1      }
  31          
  32          /**
  33           * @brief XPT2046è¯»æ•°æ®å‡½æ•°
  34           * @return 12ä½ADCè½¬æ¢ç»“æœ
  35           * @details é€šè¿‡æ¨¡æ‹ŸSPIåè®®ä»XPT2046è¯»å–12ä½æ•°æ®
  36           */
  37          unsigned int xpt2046_read_data(void) {
  38   1              unsigned char i;
  39   1              unsigned int dat=0;
  40   1      
  41   1              CLK = 0;
  42   1              _nop_();
  43   1              for(i=0;i<12;i++) {     // å¾ªç¯12æ¬¡ï¼Œæ¯æ¬¡è¯»å–ä¸€ä½ï¼Œå¤§äºä¸€ä¸ªå­—èŠ‚æ•°ï¼Œæ‰€ä»¥è¿”å›å€¼ç±»å‹æ˜
             -¯u16
  44   2                      dat <<= 1;
  45   2                      CLK = 1;
  46   2                      _nop_();
  47   2                      CLK = 0;        // CLKç”±é«˜åˆ°ä½äº§ç”Ÿä¸€ä¸ªä¸‹é™æ²¿ï¼Œä»è€Œè¯»å–æ•°æ®
  48   2                      _nop_();
  49   2                      dat |= DOUT;    // å…ˆè¯»å–é«˜ä½ï¼Œå†è¯»å–ä½ä½ã€‚ 
  50   2              }
  51   1              return dat;     
  52   1      }
C51 COMPILER V9.54   XPT2046                                                               10/24/2025 19:25:03 PAGE 2   

  53          
  54          /**
  55           * @brief è¯»å–XPT2046 ADCè½¬æ¢å€¼
  56           * @param cmd æ§åˆ¶å‘½ä»¤å­—
  57           * @return 12ä½ADCè½¬æ¢ç»“æœ(0-4095)
  58           * @details å®Œæ•´çš„ADCè¯»å–æµç¨‹ï¼šç‰‡é€‰â†’å‘é€å‘½ä»¤â†’ç­‰å¾…è½¬æ¢â†’è¯»å–æ•°æ®â†’é‡Šæ”¾ç‰‡é€‰
  59           */
  60          unsigned int xpt2046_read_adc_value(unsigned char cmd) {
  61   1              unsigned char i;
  62   1              unsigned int adc_value=0;
  63   1      
  64   1              CLK = 0;        // å…ˆæ‹‰ä½æ—¶é’Ÿ
  65   1              CS  = 0;        // ä½¿èƒ½XPT2046
  66   1              xpt2046_wirte_data(cmd);        // å‘é€å‘½ä»¤å­—
  67   1              for(i=6; i>0; i--);     // å»¶æ—¶ç­‰å¾…è½¬æ¢ç»“æœ
  68   1              CLK = 1;
  69   1              _nop_();
  70   1              CLK = 0;        // å‘é€ä¸€ä¸ªæ—¶é’Ÿï¼Œæ¸…é™¤BUSY
  71   1              _nop_();
  72   1              adc_value=xpt2046_read_data();
  73   1              CS = 1;         // å…³é—­XPT2046
  74   1              return adc_value;
  75   1      }


MODULE INFORMATION:   STATIC OVERLAYABLE
   CODE SIZE        =     88    ----
   CONSTANT SIZE    =   ----    ----
   XDATA SIZE       =   ----    ----
   PDATA SIZE       =   ----    ----
   DATA SIZE        =   ----    ----
   IDATA SIZE       =   ----    ----
   BIT SIZE         =   ----    ----
END OF MODULE INFORMATION.


C51 COMPILATION COMPLETE.  0 WARNING(S),  0 ERROR(S)
