C51 COMPILER V9.54   INDIVIDUALKEY                                                         10/02/2025 21:02:32 PAGE 1   


C51 COMPILER V9.54, COMPILATION OF MODULE INDIVIDUALKEY
OBJECT MODULE PLACED IN .\Objects\IndividualKey.obj
COMPILER INVOKED BY: D:\keil_v5\C51\BIN\C51.EXE ..\..\src\IndividualKey.c OPTIMIZE(8,SPEED) BROWSE INCDIR(..\..\inc) DEB
                    -UG OBJECTEXTEND PRINT(.\Listings\IndividualKey.lst) OBJECT(.\Objects\IndividualKey.obj)

line level    source

   1          #include <regx52.h>
   2          #include "Delay.h"
   3          
   4          /**
   5            * @brief：获取独立按键键码
   6            * @param：无
   7            * @retval：按下独立按键的键码，范围：1~4，无按键按下时返回0
   8            */
   9          unsigned char IndividualKey(){
  10   1              unsigned char KeyNumber = 0;
  11   1              
  12   1              if(P3_1 == 0){Delay(20);  while(P3_1 == 0);  Delay(20);  KeyNumber = 1;}
  13   1              if(P3_0 == 0){Delay(20);  while(P3_0 == 0);  Delay(20);  KeyNumber = 2;}
  14   1              if(P3_2 == 0){Delay(20);  while(P3_2 == 0);  Delay(20);  KeyNumber = 3;}
  15   1              if(P3_3 == 0){Delay(20);  while(P3_3 == 0);  Delay(20);  KeyNumber = 4;}
  16   1              
  17   1              return KeyNumber;
  18   1      }


MODULE INFORMATION:   STATIC OVERLAYABLE
   CODE SIZE        =     97    ----
   CONSTANT SIZE    =   ----    ----
   XDATA SIZE       =   ----    ----
   PDATA SIZE       =   ----    ----
   DATA SIZE        =   ----       1
   IDATA SIZE       =   ----    ----
   BIT SIZE         =   ----    ----
END OF MODULE INFORMATION.


C51 COMPILATION COMPLETE.  0 WARNING(S),  0 ERROR(S)
