C51 COMPILER V9.54   MAIN                                                                  10/19/2025 11:35:44 PAGE 1   


C51 COMPILER V9.54, COMPILATION OF MODULE MAIN
OBJECT MODULE PLACED IN .\Objects\main.obj
COMPILER INVOKED BY: D:\keil_v5\C51\BIN\C51.EXE Users\main.c OPTIMIZE(8,SPEED) BROWSE INCDIR(.\Users;.\Driver) DEBUG OBJ
                    -ECTEXTEND PRINT(.\Listings\main.lst) OBJECT(.\Objects\main.obj)

line level    source

   1          /* 头文件包含区域 */
   2          #include "main.h"
   3          
   4          /* 变量声明区域 */
   5          lightStatus lightState; // 台灯状态变量
   6          unsigned char lightGrade[5] = {0, 25, 50, 75, 100};     // 台灯等级
   7          unsigned char pwmCount;         // PWM周期计数（0~99，累计100×10μs=1ms）
   8          
   9          /* 函数声明区域 */
  10          // 系统初始化函数
  11          void systemInit(void) {
  12   1              lightState = LAMP_CLOSE;        // 上电时默认关闭
  13   1              pwmCount = 0;   // PWM周期计数初始为 0
  14   1      }
  15          
  16          // 台灯调节函数
  17          void lampControl(void) {
  18   1              LED_MAIN = 0;   // 台灯引脚给 0 亮
  19   1              
  20   1      }
  21          
  22          /* Main */
  23          void main() {
  24   1              systemInit();
  25   1              
  26   1              while(1) {
  27   2      //              lampControl();
  28   2              }
  29   1      }
  30          
  31          // 定时器0中断服务函数，每10us中断一次
  32          void timer0_ISR(void) interrupt 1 {
  33   1          // 重装载初值，保证每次定时一致
  34   1          TH0 = (65536 - 9) / 256;  
  35   1          TL0 = (65536 - 9) % 256;  
  36   1          
  37   1              pwmCount++;
  38   1          pwmCount %= 100;
  39   1              if(pwmCount < lightGrade[lightState]) {
  40   2                      LED_MAIN = 0;   // 台灯引脚给 0 亮
  41   2              } else {
  42   2                      LED_MAIN = 1;   // 台灯引脚给 1 灭
  43   2              }
  44   1      }


MODULE INFORMATION:   STATIC OVERLAYABLE
   CODE SIZE        =     74    ----
   CONSTANT SIZE    =   ----    ----
   XDATA SIZE       =   ----    ----
   PDATA SIZE       =   ----    ----
   DATA SIZE        =      7    ----
   IDATA SIZE       =   ----    ----
   BIT SIZE         =   ----    ----
C51 COMPILER V9.54   MAIN                                                                  10/19/2025 11:35:44 PAGE 2   

END OF MODULE INFORMATION.


C51 COMPILATION COMPLETE.  0 WARNING(S),  0 ERROR(S)
