C51 COMPILER V9.54   XPT2046                                                               10/23/2025 17:59:30 PAGE 1   


C51 COMPILER V9.54, COMPILATION OF MODULE XPT2046
OBJECT MODULE PLACED IN .\Objects\XPT2046.obj
COMPILER INVOKED BY: D:\keil_v5\C51\BIN\C51.EXE Driver\XPT2046.c OPTIMIZE(8,SPEED) BROWSE INCDIR(.\Users;.\Driver) DEBUG
                    - OBJECTEXTEND PRINT(.\Listings\XPT2046.lst) OBJECT(.\Objects\XPT2046.obj)

line level    source

   1          #include "xpt2046.h"
   2          #include "intrins.h"
   3          
   4          /*******************************************************************************
   5          * 函 数 名       : xpt2046_wirte_data
   6          * 函数功能           : XPT2046写数据
   7          * 输    入       : dat：写入的数据
   8          * 输    出             : 无
   9          *******************************************************************************/
  10          void xpt2046_wirte_data(unsigned char dat) {
  11   1              unsigned char i;
  12   1      
  13   1              CLK = 0;
  14   1              _nop_();
  15   1              for(i=0;i<8;i++)//循环8次，每次传输一位，共一个字节
  16   1              {
  17   2                      DIN = dat >> 7;//先传高位再传低位
  18   2                      dat <<= 1;//将低位移到高位
  19   2                      CLK = 0;//CLK由低到高产生一个上升沿，从而写入数据
  20   2                      _nop_();        
  21   2                      CLK = 1;
  22   2                      _nop_();
  23   2              }
  24   1      }
  25          
  26          /*******************************************************************************
  27          * 函 数 名       : xpt2046_read_data
  28          * 函数功能           : XPT2046读数据
  29          * 输    入       : 无
  30          * 输    出             : XPT2046返回12位数据
  31          *******************************************************************************/
  32          unsigned int    xpt2046_read_data(void)
  33          {
  34   1              unsigned char i;
  35   1              unsigned int dat=0;
  36   1      
  37   1              CLK = 0;
  38   1              _nop_();
  39   1              for(i=0;i<12;i++)//循环12次，每次读取一位，大于一个字节数，所以返回值类型是u16
  40   1              {
  41   2                      dat <<= 1;
  42   2                      CLK = 1;
  43   2                      _nop_();
  44   2                      CLK = 0; //CLK由高到低产生一个下降沿，从而读取数据
  45   2                      _nop_();
  46   2                      dat |= DOUT;//先读取高位，再读取低位。      
  47   2              }
  48   1              return dat;     
  49   1      }
  50          
  51          /*******************************************************************************
  52          * 函 数 名       : xpt2046_read_adc_value
  53          * 函数功能           : XPT2046读AD数据
  54          * 输    入       : cmd：指令
C51 COMPILER V9.54   XPT2046                                                               10/23/2025 17:59:30 PAGE 2   

  55          * 输    出             : XPT2046返回AD值
  56          *******************************************************************************/
  57          unsigned int xpt2046_read_adc_value(unsigned char cmd)
  58          {
  59   1              unsigned char i;
  60   1              unsigned int adc_value=0;
  61   1      
  62   1              CLK = 0;//先拉低时钟
  63   1              CS  = 0;//使能XPT2046
  64   1              xpt2046_wirte_data(cmd);//发送命令字
  65   1              for(i=6; i>0; i--);//延时等待转换结果
  66   1              CLK = 1;
  67   1              _nop_();
  68   1              CLK = 0;//发送一个时钟，清除BUSY
  69   1              _nop_();
  70   1              adc_value=xpt2046_read_data();
  71   1              CS = 1;//关闭XPT2046
  72   1              return adc_value;
  73   1      }


MODULE INFORMATION:   STATIC OVERLAYABLE
   CODE SIZE        =     88    ----
   CONSTANT SIZE    =   ----    ----
   XDATA SIZE       =   ----    ----
   PDATA SIZE       =   ----    ----
   DATA SIZE        =   ----    ----
   IDATA SIZE       =   ----    ----
   BIT SIZE         =   ----    ----
END OF MODULE INFORMATION.


C51 COMPILATION COMPLETE.  0 WARNING(S),  0 ERROR(S)
